c:\users\administrator\source\repos\tetris\dxlib_0000\x64\debug\vc143.pdb
c:\users\administrator\source\repos\tetris\dxlib_0000\x64\debug\vc143.idb
c:\users\administrator\source\repos\tetris\dxlib_0000\x64\debug\main.obj
c:\users\administrator\source\repos\tetris\dxlib_0000\x64\debug\game_object.obj
c:\users\administrator\source\repos\tetris\dxlib_0000\x64\debug\game.obj
c:\users\administrator\source\repos\tetris\dxlib_0000\x64\debug\block_stage.obj
c:\users\administrator\source\repos\tetris\dxlib_0000\x64\debug\block.obj
c:\users\administrator\source\repos\tetris\dxlib_0000\x64\debug\dxlib_0000.ilk
c:\users\administrator\source\repos\tetris\x64\debug\dxlib_0000.pdb
c:\users\administrator\source\repos\tetris\dxlib_0000\x64\debug\dxlib_0000.tlog\cl.command.1.tlog
c:\users\administrator\source\repos\tetris\dxlib_0000\x64\debug\dxlib_0000.tlog\cl.items.tlog
c:\users\administrator\source\repos\tetris\dxlib_0000\x64\debug\dxlib_0000.tlog\cl.read.1.tlog
c:\users\administrator\source\repos\tetris\dxlib_0000\x64\debug\dxlib_0000.tlog\cl.write.1.tlog
c:\users\administrator\source\repos\tetris\dxlib_0000\x64\debug\dxlib_0000.tlog\link-cvtres.read.1.tlog
c:\users\administrator\source\repos\tetris\dxlib_0000\x64\debug\dxlib_0000.tlog\link-cvtres.write.1.tlog
c:\users\administrator\source\repos\tetris\dxlib_0000\x64\debug\dxlib_0000.tlog\link-rc.read.1.tlog
c:\users\administrator\source\repos\tetris\dxlib_0000\x64\debug\dxlib_0000.tlog\link-rc.write.1.tlog
c:\users\administrator\source\repos\tetris\dxlib_0000\x64\debug\dxlib_0000.tlog\link.command.1.tlog
c:\users\administrator\source\repos\tetris\dxlib_0000\x64\debug\dxlib_0000.tlog\link.read.1.tlog
c:\users\administrator\source\repos\tetris\dxlib_0000\x64\debug\dxlib_0000.tlog\link.read.2.tlog
c:\users\administrator\source\repos\tetris\dxlib_0000\x64\debug\dxlib_0000.tlog\link.secondary.1.tlog
c:\users\administrator\source\repos\tetris\dxlib_0000\x64\debug\dxlib_0000.tlog\link.write.1.tlog
